# JRE version: OpenJDK Runtime Environment (11.0.10) (build 11.0.10+0-b96-7249189)
# Java VM: OpenJDK 64-Bit Server VM (11.0.10+0-b96-7249189, mixed mode, tiered, compressed oops, g1 gc, windows-amd64)
Heap:
 garbage-first heap   total 942080K, used 204087K [0x0000000080000000, 0x0000000100000000)
  region size 1024K, 1 young (1024K), 1 survivors (1024K)
 Metaspace       used 116241K, capacity 119518K, committed 119884K, reserved 1153024K
  class space    used 14221K, capacity 15464K, committed 15692K, reserved 1048576K
GC Heap History (20 events):
Event: 7292.848 GC heap after
{Heap after GC invocations=144 (full 0):
 garbage-first heap   total 541696K, used 181248K [0x0000000080000000, 0x0000000100000000)
  region size 1024K, 4 young (4096K), 4 survivors (4096K)
 Metaspace       used 116231K, capacity 119518K, committed 119884K, reserved 1153024K
  class space    used 14221K, capacity 15464K, committed 15692K, reserved 1048576K
}
Event: 7294.661 GC heap before
{Heap before GC invocations=144 (full 0):
 garbage-first heap   total 541696K, used 205824K [0x0000000080000000, 0x0000000100000000)
  region size 1024K, 26 young (26624K), 4 survivors (4096K)
 Metaspace       used 116232K, capacity 119518K, committed 119884K, reserved 1153024K
  class space    used 14221K, capacity 15464K, committed 15692K, reserved 1048576K
}
Event: 7295.113 GC heap after
{Heap after GC invocations=145 (full 0):
 garbage-first heap   total 541696K, used 182272K [0x0000000080000000, 0x0000000100000000)
  region size 1024K, 4 young (4096K), 4 survivors (4096K)
 Metaspace       used 116232K, capacity 119518K, committed 119884K, reserved 1153024K
  class space    used 14221K, capacity 15464K, committed 15692K, reserved 1048576K
}
Event: 7302.628 GC heap before
{Heap before GC invocations=145 (full 0):
 garbage-first heap   total 541696K, used 203776K [0x0000000080000000, 0x0000000100000000)
  region size 1024K, 26 young (26624K), 4 survivors (4096K)
 Metaspace       used 116232K, capacity 119518K, committed 119884K, reserved 1153024K
  class space    used 14221K, capacity 15464K, committed 15692K, reserved 1048576K
}
Event: 7303.352 GC heap after
{Heap after GC invocations=146 (full 0):
 garbage-first heap   total 541696K, used 187898K [0x0000000080000000, 0x0000000100000000)
  region size 1024K, 4 young (4096K), 4 survivors (4096K)
 Metaspace       used 116232K, capacity 119518K, committed 119884K, reserved 1153024K
  class space    used 14221K, capacity 15464K, committed 15692K, reserved 1048576K
}
Event: 7305.499 GC heap before
{Heap before GC invocations=146 (full 0):
 garbage-first heap   total 541696K, used 191994K [0x0000000080000000, 0x0000000100000000)
  region size 1024K, 9 young (9216K), 4 survivors (4096K)
 Metaspace       used 116233K, capacity 119518K, committed 119884K, reserved 1153024K
  class space    used 14221K, capacity 15464K, committed 15692K, reserved 1048576K
}
Event: 7306.009 GC heap after
{Heap after GC invocations=147 (full 0):
 garbage-first heap   total 541696K, used 190614K [0x0000000080000000, 0x0000000100000000)
  region size 1024K, 2 young (2048K), 2 survivors (2048K)
 Metaspace       used 116233K, capacity 119518K, committed 119884K, reserved 1153024K
  class space    used 14221K, capacity 15464K, committed 15692K, reserved 1048576K
}
Event: 7322.366 GC heap before
{Heap before GC invocations=148 (full 0):
 garbage-first heap   total 541696K, used 219286K [0x0000000080000000, 0x0000000100000000)
  region size 1024K, 26 young (26624K), 2 survivors (2048K)
 Metaspace       used 116233K, capacity 119518K, committed 119884K, reserved 1153024K
  class space    used 14221K, capacity 15464K, committed 15692K, reserved 1048576K
}
Event: 7322.578 GC heap after
{Heap after GC invocations=149 (full 0):
 garbage-first heap   total 541696K, used 200192K [0x0000000080000000, 0x0000000100000000)
  region size 1024K, 4 young (4096K), 4 survivors (4096K)
 Metaspace       used 116233K, capacity 119518K, committed 119884K, reserved 1153024K
  class space    used 14221K, capacity 15464K, committed 15692K, reserved 1048576K
}
Event: 7323.784 GC heap before
{Heap before GC invocations=149 (full 0):
 garbage-first heap   total 541696K, used 228864K [0x0000000080000000, 0x0000000100000000)
  region size 1024K, 26 young (26624K), 4 survivors (4096K)
 Metaspace       used 116233K, capacity 119518K, committed 119884K, reserved 1153024K
  class space    used 14221K, capacity 15464K, committed 15692K, reserved 1048576K
}
Event: 7324.720 GC heap after
{Heap after GC invocations=150 (full 0):
 garbage-first heap   total 541696K, used 198514K [0x0000000080000000, 0x0000000100000000)
  region size 1024K, 3 young (3072K), 3 survivors (3072K)
 Metaspace       used 116233K, capacity 119518K, committed 119884K, reserved 1153024K
  class space    used 14221K, capacity 15464K, committed 15692K, reserved 1048576K
}
Event: 7325.667 GC heap before
{Heap before GC invocations=150 (full 0):
 garbage-first heap   total 541696K, used 221042K [0x0000000080000000, 0x0000000100000000)
  region size 1024K, 26 young (26624K), 3 survivors (3072K)
 Metaspace       used 116233K, capacity 119518K, committed 119884K, reserved 1153024K
  class space    used 14221K, capacity 15464K, committed 15692K, reserved 1048576K
}
Event: 7327.618 GC heap after
{Heap after GC invocations=151 (full 0):
 garbage-first heap   total 541696K, used 200377K [0x0000000080000000, 0x0000000100000000)
  region size 1024K, 4 young (4096K), 4 survivors (4096K)
 Metaspace       used 116233K, capacity 119518K, committed 119884K, reserved 1153024K
  class space    used 14221K, capacity 15464K, committed 15692K, reserved 1048576K
}
Event: 7328.184 GC heap before
{Heap before GC invocations=151 (full 0):
 garbage-first heap   total 541696K, used 206521K [0x0000000080000000, 0x0000000100000000)
  region size 1024K, 11 young (11264K), 4 survivors (4096K)
 Metaspace       used 116233K, capacity 119518K, committed 119884K, reserved 1153024K
  class space    used 14221K, capacity 15464K, committed 15692K, reserved 1048576K
}
Event: 7328.528 GC heap after
{Heap after GC invocations=152 (full 0):
 garbage-first heap   total 541696K, used 202368K [0x0000000080000000, 0x0000000100000000)
  region size 1024K, 2 young (2048K), 2 survivors (2048K)
 Metaspace       used 116233K, capacity 119518K, committed 119884K, reserved 1153024K
  class space    used 14221K, capacity 15464K, committed 15692K, reserved 1048576K
}
Event: 7342.834 GC heap before
{Heap before GC invocations=153 (full 0):
 garbage-first heap   total 541696K, used 234112K [0x0000000080000000, 0x0000000100000000)
  region size 1024K, 26 young (26624K), 2 survivors (2048K)
 Metaspace       used 116233K, capacity 119518K, committed 119884K, reserved 1153024K
  class space    used 14221K, capacity 15464K, committed 15692K, reserved 1048576K
}
Event: 7343.054 GC heap after
{Heap after GC invocations=154 (full 0):
 garbage-first heap   total 541696K, used 212750K [0x0000000080000000, 0x0000000100000000)
  region size 1024K, 4 young (4096K), 4 survivors (4096K)
 Metaspace       used 116233K, capacity 119518K, committed 119884K, reserved 1153024K
  class space    used 14221K, capacity 15464K, committed 15692K, reserved 1048576K
}
Event: 7345.184 GC heap before
{Heap before GC invocations=154 (full 0):
 garbage-first heap   total 541696K, used 235278K [0x0000000080000000, 0x0000000100000000)
  region size 1024K, 26 young (26624K), 4 survivors (4096K)
 Metaspace       used 116235K, capacity 119518K, committed 119884K, reserved 1153024K
  class space    used 14221K, capacity 15464K, committed 15692K, reserved 1048576K
}
Event: 7345.462 GC heap after
{Heap after GC invocations=155 (full 0):
 garbage-first heap   total 541696K, used 204079K [0x0000000080000000, 0x0000000100000000)
  region size 1024K, 1 young (1024K), 1 survivors (1024K)
 Metaspace       used 116235K, capacity 119518K, committed 119884K, reserved 1153024K
  class space    used 14221K, capacity 15464K, committed 15692K, reserved 1048576K
}
Event: 7354.448 GC heap before
{Heap before GC invocations=155 (full 0):
 garbage-first heap   total 541696K, used 213295K [0x0000000080000000, 0x0000000100000000)
  region size 1024K, 11 young (11264K), 1 survivors (1024K)
 Metaspace       used 116241K, capacity 119518K, committed 119884K, reserved 1153024K
  class space    used 14221K, capacity 15464K, committed 15692K, reserved 1048576K
}

